<?xml version="1.0" encoding="UTF-8"?>
<!-- Generated by org.testng.reporters.JUnitReportReporter -->
<testsuite name="com.KeywoardDriven.Framework.Final" tests="1" time="37.024" ignored="0" failures="0" timestamp="08 May 2018 08:38:24 GMT" skipped="0" hostname="MH30031711" errors="0">
  <testcase name="testing" time="37.024" classname="com.KeywoardDriven.Framework.Final"/>
</testsuite> <!-- com.KeywoardDriven.Framework.Final -->
